C:\Program Files (x86)\Microsoft Visual Studio\2017\Community\Common7\IDE\VC\VCTargets\Microsoft.CppBuild.targets(387,5): warning MSB8028: El directorio intermedio (Debug\) contiene archivos compartidos de otro proyecto (2D Physics - class 4.vcxproj). Esto puede dar lugar a un comportamiento incorrecto de limpieza y recompilación.
  ModulePlayer.cpp
c:\users\disob\documents\github\pokemon-pinball-ruby\pokemon pinball ruby\modulemenuscene.h(9): warning C4099: 'SDL_Texture': nombre de tipo visto anteriormente usando 'struct' ahora se ve usando 'class'
  c:\users\disob\documents\github\pokemon-pinball-ruby\pokemon pinball ruby\sdl\include\sdl_render.h(128): note: vea la declaración de 'SDL_Texture'
c:\users\disob\documents\github\pokemon-pinball-ruby\pokemon pinball ruby\moduleplayer.cpp(278): warning C4244: 'argumento': conversión de 'float32' a 'int'; posible pérdida de datos
c:\users\disob\documents\github\pokemon-pinball-ruby\pokemon pinball ruby\moduleplayer.cpp(359): warning C4244: 'argumento': conversión de 'float32' a 'int'; posible pérdida de datos
c:\users\disob\documents\github\pokemon-pinball-ruby\pokemon pinball ruby\moduleplayer.cpp(531): warning C4244: 'argumento': conversión de 'float' a 'int'; posible pérdida de datos
c:\users\disob\documents\github\pokemon-pinball-ruby\pokemon pinball ruby\moduleplayer.cpp(556): warning C4244: 'argumento': conversión de 'float32' a 'int'; posible pérdida de datos
c:\users\disob\documents\github\pokemon-pinball-ruby\pokemon pinball ruby\moduleplayer.cpp(651): warning C4244: 'argumento': conversión de 'float' a 'int'; posible pérdida de datos
c:\users\disob\documents\github\pokemon-pinball-ruby\pokemon pinball ruby\moduleplayer.cpp(659): warning C4244: 'argumento': conversión de 'float' a 'int'; posible pérdida de datos
c:\users\disob\documents\github\pokemon-pinball-ruby\pokemon pinball ruby\moduleplayer.cpp(745): warning C4244: 'argumento': conversión de 'float' a 'int'; posible pérdida de datos
c:\users\disob\documents\github\pokemon-pinball-ruby\pokemon pinball ruby\moduleplayer.cpp(880): warning C4244: 'argumento': conversión de 'float' a 'int'; posible pérdida de datos
c:\users\disob\documents\github\pokemon-pinball-ruby\pokemon pinball ruby\moduleplayer.cpp(881): warning C4244: 'argumento': conversión de 'float' a 'int'; posible pérdida de datos
c:\users\disob\documents\github\pokemon-pinball-ruby\pokemon pinball ruby\moduleplayer.cpp(882): warning C4244: 'argumento': conversión de 'float' a 'int'; posible pérdida de datos
c:\users\disob\documents\github\pokemon-pinball-ruby\pokemon pinball ruby\moduleplayer.cpp(1029): warning C4244: 'argumento': conversión de 'double' a 'float'; posible pérdida de datos
c:\users\disob\documents\github\pokemon-pinball-ruby\pokemon pinball ruby\moduleplayer.cpp(1038): warning C4244: 'argumento': conversión de 'double' a 'float'; posible pérdida de datos
c:\users\disob\documents\github\pokemon-pinball-ruby\pokemon pinball ruby\moduleplayer.cpp(1045): warning C4244: 'argumento': conversión de 'float' a 'int'; posible pérdida de datos
c:\users\disob\documents\github\pokemon-pinball-ruby\pokemon pinball ruby\moduleplayer.cpp(1057): warning C4244: 'argumento': conversión de 'float' a 'int'; posible pérdida de datos
c:\users\disob\documents\github\pokemon-pinball-ruby\pokemon pinball ruby\moduleplayer.cpp(1061): warning C4244: 'argumento': conversión de 'float' a 'int'; posible pérdida de datos
c:\users\disob\documents\github\pokemon-pinball-ruby\pokemon pinball ruby\moduleplayer.cpp(1069): warning C4244: 'argumento': conversión de 'float' a 'int'; posible pérdida de datos
c:\users\disob\documents\github\pokemon-pinball-ruby\pokemon pinball ruby\moduleplayer.cpp(1071): warning C4244: 'argumento': conversión de 'float' a 'int'; posible pérdida de datos
c:\users\disob\documents\github\pokemon-pinball-ruby\pokemon pinball ruby\moduleplayer.cpp(1073): warning C4244: 'argumento': conversión de 'float' a 'int'; posible pérdida de datos
c:\program files (x86)\microsoft visual studio\2017\community\vc\tools\msvc\14.11.25503\include\cmath(113): warning C4577: si se usa 'noexcept' sin ningún modo de control de excepciones especificado, la finalización de la excepción no está garantizada. Especifique /EHsc
  SDL Game.vcxproj -> C:\Users\disob\Documents\GitHub\Pokemon-Pinball-Ruby\Pokemon Pinball Ruby\Debug\Pokemon Pinball Ruby.exe
  SDL Game.vcxproj -> C:\Users\disob\Documents\GitHub\Pokemon-Pinball-Ruby\Pokemon Pinball Ruby\Debug\Pokemon Pinball Ruby.pdb (Partial PDB)
